<?xml version="1.0" encoding="UTF-8"?>
<!-- Generated by org.testng.reporters.JUnitXMLReporter -->
<testsuite ignored="0" hostname="DESKTOP-HOI5RM5" failures="0" tests="6" name="Default test" time="10.581" errors="0" timestamp="2024-07-29T20:04:45 IST">
  <testcase classname="api.test.DDTests" name="testPostuser" time="3.402"/>
  <testcase classname="api.test.DDTests" name="testPostuser" time="1.075"/>
  <testcase classname="api.test.DDTests" name="testPostuser" time="1.415"/>
  <testcase classname="api.test.DDTests" name="testDeleteuserByname" time="1.123"/>
  <testcase classname="api.test.DDTests" name="testDeleteuserByname" time="1.089"/>
  <testcase classname="api.test.DDTests" name="testDeleteuserByname" time="1.068"/>
</testsuite> <!-- Default test -->
