<?xml version="1.0" encoding="UTF-8"?>
<!-- Generated by org.testng.reporters.JUnitXMLReporter -->
<testsuite ignored="0" hostname="DESKTOP-HOI5RM5" failures="0" tests="4" name="PetTests" time="11.801" errors="0" timestamp="2024-08-08T18:17:47 IST">
  <testcase classname="api.test.UserTests2" name="testPostUser" time="5.109"/>
  <testcase classname="api.test.UserTests2" name="testGetUserByName" time="1.241"/>
  <testcase classname="api.test.UserTests2" name="testUpdateUserByName" time="2.439"/>
  <testcase classname="api.test.UserTests2" name="testDeleteUserByName" time="1.245"/>
</testsuite> <!-- PetTests -->
