<?xml version="1.0" encoding="UTF-8"?>
<!-- Generated by org.testng.reporters.JUnitXMLReporter -->
<testsuite ignored="0" hostname="DESKTOP-HOI5RM5" failures="0" tests="4" name="PetTests" time="10.428" errors="0" timestamp="2024-08-08T16:56:23 IST">
  <testcase classname="api.test.UserTests2" name="testPostUser" time="4.127"/>
  <testcase classname="api.test.UserTests2" name="testGetUserByName" time="1.179"/>
  <testcase classname="api.test.UserTests2" name="testUpdateUserByName" time="2.311"/>
  <testcase classname="api.test.UserTests2" name="testDeleteUserByName" time="1.142"/>
</testsuite> <!-- PetTests -->
